<?xml version="1.0" encoding="UTF-8"?>
<!-- Generated by org.testng.reporters.JUnitReportReporter -->
<testsuite skipped="0" hostname="LAPTOP-C4N89U9U" name="login.Login" tests="1" failures="0" timestamp="2020-05-11T14:43:31 IST" time="21.648" errors="0">
  <testcase name="login" time="21.648" classname="login.Login"/>
</testsuite> <!-- login.Login -->
