<?xml version="1.0" encoding="UTF-8"?>
<!-- Generated by org.testng.reporters.JUnitReportReporter -->
<testsuite skipped="0" hostname="LAPTOP-C4N89U9U" name="admin.Qualification" tests="1" failures="0" timestamp="2020-05-11T11:21:51 IST" time="4.544" errors="0">
  <testcase name="qualIcons" time="4.544" classname="admin.Qualification"/>
</testsuite> <!-- admin.Qualification -->
