<?xml version="1.0" encoding="UTF-8"?>
<!-- Generated by org.testng.reporters.JUnitReportReporter -->
<testsuite skipped="0" hostname="LAPTOP-C4N89U9U" name="pimmodule.Reports" tests="1" failures="0" timestamp="2020-05-11T13:24:17 IST" time="6.448" errors="0">
  <testcase name="reportMod" time="6.448" classname="pimmodule.Reports"/>
</testsuite> <!-- pimmodule.Reports -->
