<?xml version="1.0" encoding="UTF-8"?>
<!-- Generated by org.testng.reporters.JUnitReportReporter -->
<testsuite skipped="0" hostname="LAPTOP-C4N89U9U" name="admin.AddUser" tests="1" failures="0" timestamp="2020-05-11T11:01:27 IST" time="35.484" errors="0">
  <testcase name="addUser" time="35.484" classname="admin.AddUser"/>
</testsuite> <!-- admin.AddUser -->
