<?xml version="1.0" encoding="UTF-8"?>
<!-- Generated by org.testng.reporters.JUnitReportReporter -->
<testsuite skipped="0" hostname="LAPTOP-C4N89U9U" name="leave.Entitlements" tests="1" failures="0" timestamp="2020-05-11T14:22:54 IST" time="11.283" errors="0">
  <testcase name="entIcon" time="11.283" classname="leave.Entitlements"/>
</testsuite> <!-- leave.Entitlements -->
