<?xml version="1.0" encoding="UTF-8"?>
<!-- Generated by org.testng.reporters.JUnitReportReporter -->
<testsuite skipped="0" hostname="LAPTOP-C4N89U9U" name="recruitment.Vacancies" tests="1" failures="0" timestamp="2020-05-11T11:21:51 IST" time="83.885" errors="0">
  <testcase name="vacancies" time="83.885" classname="recruitment.Vacancies"/>
</testsuite> <!-- recruitment.Vacancies -->
